<?xml version="1.0" encoding="UTF-8"?>
<!-- Generated by org.testng.reporters.JUnitReportReporter -->
<testsuite hostname="Jayesh-PC" failures="0" tests="1" name="scripts.TestCase4" time="0.001" errors="0" timestamp="2022-12-29T17:19:32 IST" skipped="0">
  <testcase classname="scripts.TestCase4" name="demo" time="0.001"/>
  <system-out>
    <![CDATA[hello Globe]]>
  </system-out>
</testsuite> <!-- scripts.TestCase4 -->
